d:\cpp\surface_framework_vs2017\surfacemeshprocessing\x64\debug\vc142.pdb
d:\cpp\surface_framework_vs2017\surfacemeshprocessing\x64\debug\object.obj
d:\cpp\surface_framework_vs2017\surfacemeshprocessing\x64\debug\neurogeometry.obj
d:\cpp\surface_framework_vs2017\surfacemeshprocessing\x64\debug\lunamatrix.obj
d:\cpp\surface_framework_vs2017\surfacemeshprocessing\x64\debug\lunacylender.obj
d:\cpp\surface_framework_vs2017\surfacemeshprocessing\x64\debug\global.obj
d:\cpp\surface_framework_vs2017\surfacemeshprocessing\x64\debug\surfacemeshprocessing.obj
d:\cpp\surface_framework_vs2017\surfacemeshprocessing\x64\debug\neurogeometry2mesh.obj
d:\cpp\surface_framework_vs2017\surfacemeshprocessing\x64\debug\qglviewerwidget.obj
d:\cpp\surface_framework_vs2017\surfacemeshprocessing\x64\debug\mainviewerwidget.obj
d:\cpp\surface_framework_vs2017\surfacemeshprocessing\x64\debug\interactiveviewerwidget.obj
d:\cpp\surface_framework_vs2017\surfacemeshprocessing\x64\debug\meshparamwidget.obj
d:\cpp\surface_framework_vs2017\surfacemeshprocessing\x64\debug\meshdefinition.obj
d:\cpp\surface_framework_vs2017\surfacemeshprocessing\x64\debug\main.obj
d:\cpp\surface_framework_vs2017\surfacemeshprocessing\x64\debug\moc_surfacemeshprocessing.obj
d:\cpp\surface_framework_vs2017\surfacemeshprocessing\x64\debug\moc_qglviewerwidget.obj
d:\cpp\surface_framework_vs2017\surfacemeshprocessing\x64\debug\moc_meshviewerwidget.obj
d:\cpp\surface_framework_vs2017\surfacemeshprocessing\x64\debug\moc_meshparamwidget.obj
d:\cpp\surface_framework_vs2017\surfacemeshprocessing\x64\debug\moc_mainviewerwidget.obj
d:\cpp\surface_framework_vs2017\surfacemeshprocessing\x64\debug\moc_interactiveviewerwidget.obj
d:\cpp\surface_framework_vs2017\surfacemeshprocessing\x64\debug\vec3.obj
d:\cpp\surface_framework_vs2017\surfacemeshprocessing\x64\debug\swcfiledata.obj
d:\cpp\surface_framework_vs2017\surfacemeshprocessing\generatedfiles\debug\moc_surfacemeshprocessing.cpp
d:\cpp\surface_framework_vs2017\surfacemeshprocessing\generatedfiles\debug\moc_meshparamwidget.cpp
d:\cpp\surface_framework_vs2017\surfacemeshprocessing\generatedfiles\debug\moc_qglviewerwidget.cpp
d:\cpp\surface_framework_vs2017\surfacemeshprocessing\generatedfiles\debug\moc_meshviewerwidget.cpp
d:\cpp\surface_framework_vs2017\surfacemeshprocessing\generatedfiles\debug\moc_interactiveviewerwidget.cpp
d:\cpp\surface_framework_vs2017\surfacemeshprocessing\generatedfiles\debug\moc_mainviewerwidget.cpp
d:\cpp\surface_framework_vs2017\surfacemeshprocessing\generatedfiles\qrc_surfacemeshprocessing.cpp
d:\cpp\surface_framework_vs2017\surfacemeshprocessing\x64\debug\surfacem.b12702ad.tlog\cl.command.1.tlog
d:\cpp\surface_framework_vs2017\surfacemeshprocessing\x64\debug\surfacem.b12702ad.tlog\cl.read.1.tlog
d:\cpp\surface_framework_vs2017\surfacemeshprocessing\x64\debug\surfacem.b12702ad.tlog\cl.write.1.tlog
d:\cpp\surface_framework_vs2017\surfacemeshprocessing\x64\debug\surfacem.b12702ad.tlog\custombuild.command.1.tlog
d:\cpp\surface_framework_vs2017\surfacemeshprocessing\x64\debug\surfacem.b12702ad.tlog\custombuild.read.1.tlog
d:\cpp\surface_framework_vs2017\surfacemeshprocessing\x64\debug\surfacem.b12702ad.tlog\custombuild.write.1.tlog
