d:\cpp\surface_framework_vs2017\surfacemeshprocessing\x64\release\qrc_surfacemeshprocessing.obj
d:\cpp\surface_framework_vs2017\surfacemeshprocessing\x64\release\surfacemeshprocessing.obj
d:\cpp\surface_framework_vs2017\surfacemeshprocessing\x64\release\qglviewerwidget.obj
d:\cpp\surface_framework_vs2017\surfacemeshprocessing\x64\release\meshviewerwidget.obj
d:\cpp\surface_framework_vs2017\surfacemeshprocessing\x64\release\mainviewerwidget.obj
d:\cpp\surface_framework_vs2017\surfacemeshprocessing\x64\release\interactiveviewerwidget.obj
d:\cpp\surface_framework_vs2017\surfacemeshprocessing\x64\release\meshparamwidget.obj
d:\cpp\surface_framework_vs2017\surfacemeshprocessing\x64\release\meshdefinition.obj
d:\cpp\surface_framework_vs2017\surfacemeshprocessing\x64\release\main.obj
d:\cpp\surface_framework_vs2017\surfacemeshprocessing\x64\release\moc_surfacemeshprocessing.obj
d:\cpp\surface_framework_vs2017\surfacemeshprocessing\x64\release\moc_qglviewerwidget.obj
d:\cpp\surface_framework_vs2017\surfacemeshprocessing\x64\release\moc_meshviewerwidget.obj
d:\cpp\surface_framework_vs2017\surfacemeshprocessing\x64\release\moc_meshparamwidget.obj
d:\cpp\surface_framework_vs2017\surfacemeshprocessing\x64\release\moc_mainviewerwidget.obj
d:\cpp\surface_framework_vs2017\surfacemeshprocessing\x64\release\moc_interactiveviewerwidget.obj
d:\cpp\surface_framework_vs2017\surfacemeshprocessing\generatedfiles\release\moc_surfacemeshprocessing.cpp
d:\cpp\surface_framework_vs2017\surfacemeshprocessing\generatedfiles\release\moc_meshparamwidget.cpp
d:\cpp\surface_framework_vs2017\surfacemeshprocessing\generatedfiles\release\moc_qglviewerwidget.cpp
d:\cpp\surface_framework_vs2017\surfacemeshprocessing\generatedfiles\release\moc_meshviewerwidget.cpp
d:\cpp\surface_framework_vs2017\surfacemeshprocessing\generatedfiles\release\moc_interactiveviewerwidget.cpp
d:\cpp\surface_framework_vs2017\surfacemeshprocessing\generatedfiles\release\moc_mainviewerwidget.cpp
d:\cpp\surface_framework_vs2017\surfacemeshprocessing\generatedfiles\qrc_surfacemeshprocessing.cpp
d:\cpp\surface_framework_vs2017\surfacemeshprocessing\x64\release\surfacem.b12702ad.tlog\cl.command.1.tlog
d:\cpp\surface_framework_vs2017\surfacemeshprocessing\x64\release\surfacem.b12702ad.tlog\cl.read.1.tlog
d:\cpp\surface_framework_vs2017\surfacemeshprocessing\x64\release\surfacem.b12702ad.tlog\cl.write.1.tlog
d:\cpp\surface_framework_vs2017\surfacemeshprocessing\x64\release\surfacem.b12702ad.tlog\custombuild.command.1.tlog
d:\cpp\surface_framework_vs2017\surfacemeshprocessing\x64\release\surfacem.b12702ad.tlog\custombuild.read.1.tlog
d:\cpp\surface_framework_vs2017\surfacemeshprocessing\x64\release\surfacem.b12702ad.tlog\custombuild.write.1.tlog
d:\cpp\surface_framework_vs2017\surfacemeshprocessing\x64\release\surfacem.b12702ad.tlog\link-cvtres.read.1.tlog
d:\cpp\surface_framework_vs2017\surfacemeshprocessing\x64\release\surfacem.b12702ad.tlog\link-cvtres.write.1.tlog
d:\cpp\surface_framework_vs2017\surfacemeshprocessing\x64\release\surfacem.b12702ad.tlog\link-rc.read.1.tlog
d:\cpp\surface_framework_vs2017\surfacemeshprocessing\x64\release\surfacem.b12702ad.tlog\link-rc.write.1.tlog
d:\cpp\surface_framework_vs2017\surfacemeshprocessing\x64\release\surfacem.b12702ad.tlog\link.command.1.tlog
d:\cpp\surface_framework_vs2017\surfacemeshprocessing\x64\release\surfacem.b12702ad.tlog\link.read.1.tlog
d:\cpp\surface_framework_vs2017\surfacemeshprocessing\x64\release\surfacem.b12702ad.tlog\link.write.1.tlog
