  Moc'ing surfacemeshprocessing.h...
  Moc'ing MeshParamWidget.h...
  Moc'ing QGLViewerWidget.h...
  Moc'ing MeshViewerWidget.h...
  Moc'ing InteractiveViewerWidget.h...
  Moc'ing MainViewerWidget.h...
  Rcc'ing surfacemeshprocessing.qrc...
  qrc_surfacemeshprocessing.cpp
  moc_InteractiveViewerWidget.cpp
  moc_MainViewerWidget.cpp
  moc_MeshParamWidget.cpp
  moc_MeshViewerWidget.cpp
  moc_QGLViewerWidget.cpp
  moc_surfacemeshprocessing.cpp
  main.cpp
  MeshDefinition.cpp
  MeshParamWidget.cpp
  InteractiveViewerWidget.cpp
  MainViewerWidget.cpp
  MeshViewerWidget.cpp
  QGLViewerWidget.cpp
  surfacemeshprocessing.cpp
  正在生成代码...
LINK : fatal error LNK1181: 无法打开输入文件“OpenMeshCore.lib”
